#
# There is insufficient memory for the Java Runtime Environment to continue.
# Native memory allocation (malloc) failed to allocate 1048576 bytes for AllocateHeap
# Possible reasons:
#   The system is out of physical RAM or swap space
#   In 32 bit mode, the process size limit was hit
# Possible solutions:
#   Reduce memory load on the system
#   Increase physical memory or swap space
#   Check if swap backing store is full
#   Use 64 bit Java on a 64 bit OS
#   Decrease Java heap size (-Xmx/-Xms)
#   Decrease number of Java threads
#   Decrease Java thread stack sizes (-Xss)
#   Set larger code cache with -XX:ReservedCodeCacheSize=
# This output file may be truncated or incomplete.
#
#  Out of Memory Error (memory/allocation.inline.hpp:61), pid=6948, tid=0x0000000000001528
#
# JRE version:  (8.0_171-b11) (build )
# Java VM: Java HotSpot(TM) 64-Bit Server VM (25.171-b11 mixed mode windows-amd64 compressed oops)
# Failed to write core dump. Minidumps are not enabled by default on client versions of Windows
#

---------------  T H R E A D  ---------------

Current thread (0x0000000004cee000):  JavaThread "Unknown thread" [_thread_in_vm, id=5416, stack(0x0000000004b70000,0x0000000004c70000)]

Stack: [0x0000000004b70000,0x0000000004c70000]
[error occurred during error reporting (printing stack bounds), id 0xc0000005]

Native frames: (J=compiled Java code, j=interpreted, Vv=VM code, C=native code)


---------------  P R O C E S S  ---------------

Java Threads: ( => current thread )

Other Threads:

=>0x0000000004cee000 (exited) JavaThread "Unknown thread" [_thread_in_vm, id=5416, stack(0x0000000004b70000,0x0000000004c70000)]

VM state:not at safepoint (normal execution)

VM Mutex/Monitor currently owned by a thread: None

Heap:
 PSYoungGen      total 38400K, used 665K [0x00000000d5d80000, 0x00000000d8800000, 0x0000000100000000)
  eden space 33280K, 2% used [0x00000000d5d80000,0x00000000d5e26670,0x00000000d7e00000)
  from space 5120K, 0% used [0x00000000d8300000,0x00000000d8300000,0x00000000d8800000)
  to   space 5120K, 0% used [0x00000000d7e00000,0x00000000d7e00000,0x00000000d8300000)
 ParOldGen       total 87552K, used 0K [0x0000000081800000, 0x0000000086d80000, 0x00000000d5d80000)
  object space 87552K, 0% used [0x0000000081800000,0x0000000081800000,0x0000000086d80000)
 Metaspace       used 750K, capacity 4480K, committed 4480K, reserved 1056768K
  class space    used 76K, capacity 384K, committed 384K, reserved 1048576K

Card table byte_map: [0x00000000141b0000,0x00000000145b0000] byte_map_base: 0x0000000013da4000

Marking Bits: (ParMarkBitMap*) 0x0000000059f808c0
 Begin Bits: [0x0000000014c60000, 0x0000000016c00000)
 End Bits:   [0x0000000016c00000, 0x0000000018ba0000)

Polling page: 0x0000000002f40000

CodeCache: size=245760Kb used=328Kb max_used=328Kb free=245431Kb
 bounds [0x0000000004df0000, 0x0000000005060000, 0x0000000013df0000]
 total_blobs=58 nmethods=0 adapters=38
 compilation: enabled

Compilation events (0 events):
No events

GC Heap History (0 events):
No events

Deoptimization events (0 events):
No events

Classes redefined (0 events):
No events

Internal exceptions (0 events):
No events

Events (10 events):
Event: 0.061 loading class java/lang/Short
Event: 0.062 loading class java/lang/Short done
Event: 0.062 loading class java/lang/Integer
Event: 0.062 loading class java/lang/Integer done
Event: 0.062 loading class java/lang/Long
Event: 0.062 loading class java/lang/Long done
Event: 0.064 loading class java/lang/NullPointerException
Event: 0.064 loading class java/lang/NullPointerException done
Event: 0.064 loading class java/lang/ArithmeticException
Event: 0.064 loading class java/lang/ArithmeticException done


Dynamic libraries:
0x00007ff7f2cb0000 - 0x00007ff7f2ce7000 	C:\Program Files\Java\jre1.8.0_171\bin\javaw.exe
0x00007ffa1c3d0000 - 0x00007ffa1c5b0000 	C:\Windows\SYSTEM32\ntdll.dll
0x00007ffa1bf80000 - 0x00007ffa1c02e000 	C:\Windows\System32\KERNEL32.DLL
0x00007ffa19630000 - 0x00007ffa19896000 	C:\Windows\System32\KERNELBASE.dll
0x00007ffa1b530000 - 0x00007ffa1b5d1000 	C:\Windows\System32\ADVAPI32.dll
0x00007ffa1b600000 - 0x00007ffa1b69d000 	C:\Windows\System32\msvcrt.dll
0x00007ffa198a0000 - 0x00007ffa198fb000 	C:\Windows\System32\sechost.dll
0x00007ffa1af70000 - 0x00007ffa1b08f000 	C:\Windows\System32\RPCRT4.dll
0x00007ffa1b3a0000 - 0x00007ffa1b52f000 	C:\Windows\System32\USER32.dll
0x00007ffa18850000 - 0x00007ffa18870000 	C:\Windows\System32\win32u.dll
0x00007ffa1af30000 - 0x00007ffa1af58000 	C:\Windows\System32\GDI32.dll
0x00007ffa18a70000 - 0x00007ffa18c03000 	C:\Windows\System32\gdi32full.dll
0x00007ffa18de0000 - 0x00007ffa18e7b000 	C:\Windows\System32\msvcp_win.dll
0x00007ffa188c0000 - 0x00007ffa189b5000 	C:\Windows\System32\ucrtbase.dll
0x00007ffa13b40000 - 0x00007ffa13da9000 	C:\Windows\WinSxS\amd64_microsoft.windows.common-controls_6595b64144ccf1df_6.0.16299.611_none_15c7d8029365981f\COMCTL32.dll
0x00007ffa1b090000 - 0x00007ffa1b397000 	C:\Windows\System32\combase.dll
0x00007ffa187d0000 - 0x00007ffa18842000 	C:\Windows\System32\bcryptPrimitives.dll
0x00007ffa19900000 - 0x00007ffa1992d000 	C:\Windows\System32\IMM32.DLL
0x00000000594c0000 - 0x0000000059592000 	C:\Program Files\Java\jre1.8.0_171\bin\msvcr100.dll
0x0000000059760000 - 0x000000005a000000 	C:\Program Files\Java\jre1.8.0_171\bin\server\jvm.dll
0x00007ffa19930000 - 0x00007ffa19938000 	C:\Windows\System32\PSAPI.DLL
0x00007ffa15540000 - 0x00007ffa15563000 	C:\Windows\SYSTEM32\WINMM.dll
0x00007ffa14ad0000 - 0x00007ffa14ad9000 	C:\Windows\SYSTEM32\WSOCK32.dll
0x00007ffa1bb00000 - 0x00007ffa1bb6c000 	C:\Windows\System32\WS2_32.dll
0x00007ffa14880000 - 0x00007ffa1488a000 	C:\Windows\SYSTEM32\VERSION.dll
0x00007ffa15510000 - 0x00007ffa1553a000 	C:\Windows\SYSTEM32\WINMMBASE.dll
0x00007ffa18870000 - 0x00007ffa188ba000 	C:\Windows\System32\cfgmgr32.dll
0x0000000059670000 - 0x000000005967f000 	C:\Program Files\Java\jre1.8.0_171\bin\verify.dll
0x0000000059640000 - 0x0000000059669000 	C:\Program Files\Java\jre1.8.0_171\bin\java.dll
0x0000000059620000 - 0x0000000059636000 	C:\Program Files\Java\jre1.8.0_171\bin\zip.dll

VM Arguments:
jvm_args: -Dfile.encoding=Cp1252 
java_command: HomePage.Home
java_class_path (initial): C:\Program Files\Java\jre1.8.0_171\lib\resources.jar;C:\Program Files\Java\jre1.8.0_171\lib\rt.jar;C:\Program Files\Java\jre1.8.0_171\lib\jsse.jar;C:\Program Files\Java\jre1.8.0_171\lib\jce.jar;C:\Program Files\Java\jre1.8.0_171\lib\charsets.jar;C:\Program Files\Java\jre1.8.0_171\lib\jfr.jar;C:\Program Files\Java\jre1.8.0_171\lib\ext\access-bridge-64.jar;C:\Program Files\Java\jre1.8.0_171\lib\ext\cldrdata.jar;C:\Program Files\Java\jre1.8.0_171\lib\ext\dnsns.jar;C:\Program Files\Java\jre1.8.0_171\lib\ext\jaccess.jar;C:\Program Files\Java\jre1.8.0_171\lib\ext\jfxrt.jar;C:\Program Files\Java\jre1.8.0_171\lib\ext\localedata.jar;C:\Program Files\Java\jre1.8.0_171\lib\ext\nashorn.jar;C:\Program Files\Java\jre1.8.0_171\lib\ext\sunec.jar;C:\Program Files\Java\jre1.8.0_171\lib\ext\sunjce_provider.jar;C:\Program Files\Java\jre1.8.0_171\lib\ext\sunmscapi.jar;C:\Program Files\Java\jre1.8.0_171\lib\ext\sunpkcs11.jar;C:\Program Files\Java\jre1.8.0_171\lib\ext\zipfs.jar;C:\Users\DELL\eclipse-workspace\Railway\bin;C:\Users\DELL\eclipse-workspace\ScreenSize.jar;C:\Users\DELL\Downloads\mysql-connector-java-5.1.15-bin.jar
Launcher Type: SUN_STANDARD

Environment Variables:
PATH=C:/Program Files/Java/jre1.8.0_171/bin/server;C:/Program Files/Java/jre1.8.0_171/bin;C:/Program Files/Java/jre1.8.0_171/lib/amd64;C:\Program Files (x86)\Common Files\Oracle\Java\javapath;C:\Windows\system32;C:\Windows;C:\Windows\System32\Wbem;C:\Windows\System32\WindowsPowerShell\v1.0\;C:\Program Files\MySQL\MySQL Utilities 1.6\;C:\Program Files\Java\jdk1.8.0_171\bin;C:\Users\DELL\AppData\Local\Microsoft\WindowsApps;;C:\Windows\System32;
USERNAME=DELL
OS=Windows_NT
PROCESSOR_IDENTIFIER=Intel64 Family 6 Model 69 Stepping 1, GenuineIntel



---------------  S Y S T E M  ---------------

OS: Windows 10.0 , 64 bit Build 16299 (10.0.16299.431)

CPU:total 4 (initial active 4) (2 cores per cpu, 2 threads per core) family 6 model 69 stepping 1, cmov, cx8, fxsr, mmx, sse, sse2, sse3, ssse3, sse4.1, sse4.2, popcnt, avx, avx2, aes, clmul, erms, lzcnt, ht, tsc, tscinvbit, bmi1, bmi2

Memory: 4k page, physical 8290116k(3542600k free), swap 33455940k(5228k free)

vm_info: Java HotSpot(TM) 64-Bit Server VM (25.171-b11) for windows-amd64 JRE (1.8.0_171-b11), built on Mar 28 2018 16:06:12 by "java_re" with MS VC++ 10.0 (VS2010)

time: Thu Sep 27 13:10:47 2018
elapsed time: 0 seconds (0d 0h 0m 0s)

